{"message":"received Fodder request from manager with details undefined","level":"info","timestamp":"2021-03-02T07:27:53.840Z"}
{"message":"addFodder added successfully","level":"info","timestamp":"2021-03-02T07:27:53.949Z"}
{"message":"received Fodder request from manager with details undefined","level":"info","timestamp":"2021-03-02T07:35:24.463Z"}
{"message":"received Fodder request from manager with details undefined","level":"info","timestamp":"2021-03-02T07:36:25.095Z"}
{"message":"addFodder added successfully","level":"info","timestamp":"2021-03-02T07:36:25.151Z"}
{"message":"received Fodder request from manager with details undefined","level":"info","timestamp":"2021-03-02T07:36:55.009Z"}
{"message":"addFodder added successfully","level":"info","timestamp":"2021-03-02T07:36:55.019Z"}
{"message":"received Fodder request from manager with details undefined","level":"info","timestamp":"2021-03-03T04:18:20.728Z"}
{"message":"addFodder added successfully","level":"info","timestamp":"2021-03-03T04:18:21.199Z"}
{"message":"received Fodder request from manager with details undefined","level":"info","timestamp":"2021-03-03T07:32:21.565Z"}
{"message":"addFodder added successfully","level":"info","timestamp":"2021-03-03T07:32:22.327Z"}
{"message":"received Fodder request from manager with details undefined","level":"info","timestamp":"2021-03-03T10:12:41.814Z"}
{"message":"addFodder added successfully","level":"info","timestamp":"2021-03-03T10:12:41.919Z"}
{"message":"received Fodder request from manager with details undefined","level":"info","timestamp":"2021-03-03T11:07:10.474Z"}
{"message":"received Fodder request from manager with details undefined","level":"info","timestamp":"2021-03-03T11:07:10.524Z"}
{"message":"addFodder added successfully","level":"info","timestamp":"2021-03-03T11:07:10.539Z"}
{"message":"addFodder added successfully","level":"info","timestamp":"2021-03-03T11:07:10.564Z"}
{"message":"received Fodder request from manager with details undefined","level":"info","timestamp":"2021-03-03T12:02:12.486Z"}
{"message":"addFodder added successfully","level":"info","timestamp":"2021-03-03T12:02:12.553Z"}
{"message":"received Fodder request from manager with details undefined","level":"info","timestamp":"2021-03-03T12:17:06.075Z"}
{"message":"addFodder added successfully","level":"info","timestamp":"2021-03-03T12:17:06.168Z"}
{"message":"received Fodder request from manager with details undefined","level":"info","timestamp":"2021-03-04T03:33:14.791Z"}
{"message":"addFodder added successfully","level":"info","timestamp":"2021-03-04T03:33:15.148Z"}
{"message":"received Fodder request from manager with details undefined","level":"info","timestamp":"2021-03-08T04:11:36.185Z"}
{"message":"addFodder added successfully","level":"info","timestamp":"2021-03-08T04:11:36.274Z"}
{"message":"received Fodder request from manager with details undefined","level":"info","timestamp":"2021-03-08T11:35:29.707Z"}
{"message":"addFodder added successfully","level":"info","timestamp":"2021-03-08T11:35:29.847Z"}
{"message":"received Fodder request from manager with details undefined","level":"info","timestamp":"2021-03-23T10:31:08.927Z"}
{"message":"addFodder added successfully","level":"info","timestamp":"2021-03-23T10:31:09.065Z"}
{"message":"received Fodder request from manager with details undefined","level":"info","timestamp":"2021-03-24T04:26:26.703Z"}
{"message":"addFodder added successfully","level":"info","timestamp":"2021-03-24T04:26:28.732Z"}
{"message":"received Fodder request from manager with details undefined","level":"info","timestamp":"2021-03-24T09:32:42.324Z"}
{"message":"addFodder added successfully","level":"info","timestamp":"2021-03-24T09:32:42.643Z"}
{"message":"received Fodder request from manager with details undefined","level":"info","timestamp":"2021-03-24T10:02:25.724Z"}
{"message":"addFodder added successfully","level":"info","timestamp":"2021-03-24T10:02:25.815Z"}
{"message":"received Fodder request from manager with details undefined","level":"info","timestamp":"2021-03-24T11:07:22.278Z"}
{"message":"addFodder added successfully","level":"info","timestamp":"2021-03-24T11:07:22.475Z"}
{"message":"received Fodder request from manager with details undefined","level":"info","timestamp":"2021-03-24T11:08:28.912Z"}
{"message":"addFodder added successfully","level":"info","timestamp":"2021-03-24T11:08:29.151Z"}
{"message":"received Fodder request from manager with details undefined","level":"info","timestamp":"2021-03-24T11:26:10.575Z"}
{"message":"addFodder added successfully","level":"info","timestamp":"2021-03-24T11:26:10.648Z"}
{"message":"received Fodder request from manager with details undefined","level":"info","timestamp":"2021-03-24T11:29:54.374Z"}
{"message":"addFodder added successfully","level":"info","timestamp":"2021-03-24T11:29:54.439Z"}
{"message":"received Fodder request from manager with details undefined","level":"info","timestamp":"2021-03-30T04:58:18.429Z"}
{"message":"addFodder added successfully","level":"info","timestamp":"2021-03-30T04:58:18.734Z"}
{"message":"received Fodder request from manager with details undefined","level":"info","timestamp":"2021-03-30T05:04:30.448Z"}
{"message":"addFodder added successfully","level":"info","timestamp":"2021-03-30T05:04:30.572Z"}
{"message":"received Fodder request from manager with details undefined","level":"info","timestamp":"2021-03-30T05:05:54.907Z"}
{"message":"addFodder added successfully","level":"info","timestamp":"2021-03-30T05:05:54.970Z"}
{"message":"received Fodder request from manager with details undefined","level":"info","timestamp":"2021-04-05T04:49:30.645Z"}
{"message":"addFodder added successfully","level":"info","timestamp":"2021-04-05T04:49:31.089Z"}
{"message":"received Fodder request from manager with details undefined","level":"info","timestamp":"2021-04-05T12:07:45.857Z"}
{"message":"addFodder added successfully","level":"info","timestamp":"2021-04-05T12:07:46.276Z"}
{"message":"received Fodder request from manager with details undefined","level":"info","timestamp":"2021-04-05T12:09:30.991Z"}
{"message":"addFodder added successfully","level":"info","timestamp":"2021-04-05T12:09:31.161Z"}
{"message":"received Fodder request from manager with details undefined","level":"info","timestamp":"2021-04-12T12:15:47.601Z"}
{"message":"received Fodder request from manager with details undefined","level":"info","timestamp":"2021-04-12T12:17:14.964Z"}
{"message":"received Fodder request from manager with details undefined","level":"info","timestamp":"2021-04-12T12:19:11.408Z"}
{"message":"addFodder added successfully","level":"info","timestamp":"2021-04-12T12:19:11.614Z"}
{"message":"received add dailyConsumption request from manager with details undefined","level":"info","timestamp":"2021-04-12T12:54:22.191Z"}
{"message":"addConsumption added successfully","level":"info","timestamp":"2021-04-12T12:54:22.340Z"}
{"message":"received add dailyConsumption request from manager with details undefined","level":"info","timestamp":"2021-04-12T13:23:46.015Z"}
{"message":"addConsumption added successfully","level":"info","timestamp":"2021-04-12T13:23:46.699Z"}
{"message":"received add dailyConsumption request from manager with details undefined","level":"info","timestamp":"2021-04-12T13:25:03.562Z"}
{"message":"addConsumption added successfully","level":"info","timestamp":"2021-04-12T13:25:03.634Z"}
{"message":"received add dailyConsumption request from manager with details undefined","level":"info","timestamp":"2021-04-12T13:27:46.175Z"}
{"message":"addConsumption added successfully","level":"info","timestamp":"2021-04-12T13:27:46.331Z"}
{"message":"received add dailyConsumption request from manager with details undefined","level":"info","timestamp":"2021-04-12T13:30:59.460Z"}
{"message":"addConsumption added successfully","level":"info","timestamp":"2021-04-12T13:30:59.529Z"}
{"message":"received add dailyConsumption request from manager with details undefined","level":"info","timestamp":"2021-04-12T13:31:18.854Z"}
{"message":"addConsumption added successfully","level":"info","timestamp":"2021-04-12T13:31:18.929Z"}
{"message":"received add dailyConsumption request from manager with details undefined","level":"info","timestamp":"2021-04-12T13:37:12.935Z"}
{"message":"addConsumption added successfully","level":"info","timestamp":"2021-04-12T13:37:13.004Z"}
{"message":"received add dailyConsumption request from manager with details undefined","level":"info","timestamp":"2021-04-12T14:09:30.456Z"}
{"message":"addConsumption added successfully","level":"info","timestamp":"2021-04-12T14:09:30.597Z"}
{"message":"received add dailyConsumption request from manager with details undefined","level":"info","timestamp":"2021-04-12T14:09:48.240Z"}
{"message":"addConsumption added successfully","level":"info","timestamp":"2021-04-12T14:09:48.275Z"}
{"message":"received add dailyConsumption request from manager with details undefined","level":"info","timestamp":"2021-04-12T14:10:32.206Z"}
{"message":"addConsumption added successfully","level":"info","timestamp":"2021-04-12T14:10:32.325Z"}
{"message":"received add dailyConsumption request from manager with details undefined","level":"info","timestamp":"2021-04-12T14:16:05.677Z"}
{"message":"addConsumption added successfully","level":"info","timestamp":"2021-04-12T14:16:05.736Z"}
{"message":"received Fodder request from manager with details undefined","level":"info","timestamp":"2021-04-14T04:46:19.764Z"}
{"message":"addFodder added successfully","level":"info","timestamp":"2021-04-14T04:46:20.208Z"}
{"message":"received add dailyConsumption request from manager with details undefined","level":"info","timestamp":"2021-04-14T04:46:38.606Z"}
{"message":"addConsumption added successfully","level":"info","timestamp":"2021-04-14T04:46:38.782Z"}
{"message":"received add dailyConsumption request from manager with details undefined","level":"info","timestamp":"2021-04-14T05:14:16.840Z"}
{"message":"addConsumption added successfully","level":"info","timestamp":"2021-04-14T05:14:16.964Z"}
{"message":"received add dailyConsumption request from manager with details undefined","level":"info","timestamp":"2021-04-14T05:14:28.192Z"}
{"message":"addConsumption added successfully","level":"info","timestamp":"2021-04-14T05:14:28.208Z"}
{"message":"received add dailyConsumption request from manager with details undefined","level":"info","timestamp":"2021-04-14T05:25:29.734Z"}
{"message":"addConsumption added successfully","level":"info","timestamp":"2021-04-14T05:25:29.849Z"}
{"message":"received add dailyConsumption request from manager with details undefined","level":"info","timestamp":"2021-04-14T05:26:15.118Z"}
{"message":"addConsumption added successfully","level":"info","timestamp":"2021-04-14T05:26:15.242Z"}
{"message":"received add dailyConsumption request from manager with details undefined","level":"info","timestamp":"2021-04-15T04:19:14.020Z"}
{"message":"addConsumption added successfully","level":"info","timestamp":"2021-04-15T04:19:14.705Z"}
{"message":"received add dailyConsumption request from manager with details undefined","level":"info","timestamp":"2021-04-16T05:47:43.287Z"}
{"message":"addConsumption added successfully","level":"info","timestamp":"2021-04-16T05:47:43.778Z"}
{"message":"received add dailyConsumption request from manager with details undefined","level":"info","timestamp":"2021-04-16T06:03:48.459Z"}
{"message":"addConsumption added successfully","level":"info","timestamp":"2021-04-16T06:03:49.796Z"}
{"message":"received add dailyConsumption request from manager with details undefined","level":"info","timestamp":"2021-04-16T06:04:37.509Z"}
{"message":"addConsumption added successfully","level":"info","timestamp":"2021-04-16T06:04:37.559Z"}
{"message":"received add dailyConsumption request from manager with details undefined","level":"info","timestamp":"2021-04-16T06:10:03.538Z"}
{"message":"addConsumption added successfully","level":"info","timestamp":"2021-04-16T06:10:03.612Z"}
{"message":"received add dailyConsumption request from manager with details undefined","level":"info","timestamp":"2021-04-16T06:10:22.420Z"}
{"message":"addConsumption added successfully","level":"info","timestamp":"2021-04-16T06:10:22.439Z"}
{"message":"received add dailyConsumption request from manager with details undefined","level":"info","timestamp":"2021-04-16T06:11:10.582Z"}
{"message":"addConsumption added successfully","level":"info","timestamp":"2021-04-16T06:11:10.662Z"}
{"message":"received add dailyConsumption request from manager with details undefined","level":"info","timestamp":"2021-04-16T06:11:12.446Z"}
{"message":"addConsumption added successfully","level":"info","timestamp":"2021-04-16T06:11:12.448Z"}
{"message":"received Fodder request from manager with details undefined","level":"info","timestamp":"2021-04-19T04:02:23.620Z"}
{"message":"addFodder added successfully","level":"info","timestamp":"2021-04-19T04:02:23.985Z"}
{"message":"received add dailyConsumption request from manager with details undefined","level":"info","timestamp":"2021-04-19T04:02:49.721Z"}
{"message":"addConsumption added successfully","level":"info","timestamp":"2021-04-19T04:02:49.840Z"}
{"message":"received add dailyConsumption request from manager with details undefined","level":"info","timestamp":"2021-04-19T04:03:55.402Z"}
{"message":"addConsumption added successfully","level":"info","timestamp":"2021-04-19T04:03:55.444Z"}
{"message":"received add dailyConsumption request from manager with details undefined","level":"info","timestamp":"2021-04-19T04:04:40.921Z"}
{"message":"addConsumption added successfully","level":"info","timestamp":"2021-04-19T04:04:40.977Z"}
{"message":"received add dailyConsumption request from manager with details undefined","level":"info","timestamp":"2021-04-19T04:04:44.900Z"}
{"message":"addConsumption added successfully","level":"info","timestamp":"2021-04-19T04:04:44.908Z"}
{"message":"received add dailyConsumption request from manager with details undefined","level":"info","timestamp":"2021-04-19T04:05:15.382Z"}
{"message":"addConsumption added successfully","level":"info","timestamp":"2021-04-19T04:05:15.419Z"}
{"message":"received add dailyConsumption request from manager with details undefined","level":"info","timestamp":"2021-04-19T04:05:48.099Z"}
{"message":"addConsumption added successfully","level":"info","timestamp":"2021-04-19T04:05:48.103Z"}
{"message":"received add dailyConsumption request from manager with details undefined","level":"info","timestamp":"2021-04-19T04:07:05.704Z"}
{"message":"addConsumption added successfully","level":"info","timestamp":"2021-04-19T04:07:05.952Z"}
{"message":"received add dailyConsumption request from manager with details undefined","level":"info","timestamp":"2021-04-19T04:08:34.695Z"}
{"message":"addConsumption added successfully","level":"info","timestamp":"2021-04-19T04:08:34.807Z"}
{"message":"received add dailyConsumption request from manager with details undefined","level":"info","timestamp":"2021-04-19T04:10:48.845Z"}
{"message":"addConsumption added successfully","level":"info","timestamp":"2021-04-19T04:10:49.024Z"}
{"message":"received add dailyConsumption request from manager with details undefined","level":"info","timestamp":"2021-04-19T04:10:50.414Z"}
{"message":"addConsumption added successfully","level":"info","timestamp":"2021-04-19T04:10:50.415Z"}
{"message":"received add dailyConsumption request from manager with details undefined","level":"info","timestamp":"2021-04-19T04:11:07.782Z"}
{"message":"addConsumption added successfully","level":"info","timestamp":"2021-04-19T04:11:07.891Z"}
{"message":"received add dailyConsumption request from manager with details undefined","level":"info","timestamp":"2021-04-19T04:11:10.373Z"}
{"message":"addConsumption added successfully","level":"info","timestamp":"2021-04-19T04:11:10.410Z"}
{"message":"received add dailyConsumption request from manager with details undefined","level":"info","timestamp":"2021-04-19T04:11:57.108Z"}
{"message":"addConsumption added successfully","level":"info","timestamp":"2021-04-19T04:11:57.143Z"}
{"message":"received add dailyConsumption request from manager with details undefined","level":"info","timestamp":"2021-04-19T04:11:58.360Z"}
{"message":"addConsumption added successfully","level":"info","timestamp":"2021-04-19T04:11:58.362Z"}
{"message":"received add dailyConsumption request from manager with details undefined","level":"info","timestamp":"2021-04-19T04:23:46.933Z"}
{"message":"addConsumption added successfully","level":"info","timestamp":"2021-04-19T04:23:47.133Z"}
{"message":"received add dailyConsumption request from manager with details undefined","level":"info","timestamp":"2021-04-19T04:23:58.694Z"}
{"message":"addConsumption added successfully","level":"info","timestamp":"2021-04-19T04:23:58.823Z"}
{"message":"received add dailyConsumption request from manager with details undefined","level":"info","timestamp":"2021-04-19T04:24:38.317Z"}
{"message":"addConsumption added successfully","level":"info","timestamp":"2021-04-19T04:24:38.373Z"}
{"message":"received add dailyConsumption request from manager with details undefined","level":"info","timestamp":"2021-04-19T04:25:27.787Z"}
{"message":"addConsumption added successfully","level":"info","timestamp":"2021-04-19T04:25:27.792Z"}
{"message":"received add dailyConsumption request from manager with details undefined","level":"info","timestamp":"2021-04-19T04:28:33.819Z"}
{"message":"addConsumption added successfully","level":"info","timestamp":"2021-04-19T04:28:40.212Z"}
{"message":"received add dailyConsumption request from manager with details undefined","level":"info","timestamp":"2021-04-19T04:29:01.609Z"}
{"message":"addConsumption added successfully","level":"info","timestamp":"2021-04-19T04:29:02.754Z"}
{"message":"received add dailyConsumption request from manager with details undefined","level":"info","timestamp":"2021-04-19T04:51:32.144Z"}
{"message":"addConsumption added successfully","level":"info","timestamp":"2021-04-19T04:51:32.216Z"}
{"message":"received add dailyConsumption request from manager with details undefined","level":"info","timestamp":"2021-04-19T04:51:35.726Z"}
{"message":"addConsumption added successfully","level":"info","timestamp":"2021-04-19T04:51:36.027Z"}
{"message":"received add dailyConsumption request from manager with details undefined","level":"info","timestamp":"2021-04-19T07:07:44.101Z"}
{"message":"addConsumption added successfully","level":"info","timestamp":"2021-04-19T07:07:44.586Z"}
{"message":"received add dailyConsumption request from manager with details undefined","level":"info","timestamp":"2021-04-19T07:07:47.092Z"}
{"message":"addConsumption added successfully","level":"info","timestamp":"2021-04-19T07:07:47.093Z"}
{"message":"received add dailyConsumption request from manager with details undefined","level":"info","timestamp":"2021-04-19T07:26:15.844Z"}
{"message":"addConsumption added successfully","level":"info","timestamp":"2021-04-19T07:26:16.288Z"}
{"message":"received add dailyConsumption request from manager with details undefined","level":"info","timestamp":"2021-04-19T08:26:27.431Z"}
{"message":"addConsumption added successfully","level":"info","timestamp":"2021-04-19T08:26:27.461Z"}
{"message":"received add dailyConsumption request from manager with details undefined","level":"info","timestamp":"2021-04-19T11:10:31.416Z"}
{"message":"addConsumption added successfully","level":"info","timestamp":"2021-04-19T11:10:31.572Z"}
{"message":"received add dailyConsumption request from manager with details undefined","level":"info","timestamp":"2021-04-19T11:17:38.970Z"}
{"message":"addConsumption added successfully","level":"info","timestamp":"2021-04-19T11:17:39.151Z"}
{"message":"received add dailyConsumption request from manager with details undefined","level":"info","timestamp":"2021-04-19T11:20:01.075Z"}
{"message":"addConsumption added successfully","level":"info","timestamp":"2021-04-19T11:20:01.144Z"}
{"message":"received Fodder request from manager with details undefined","level":"info","timestamp":"2021-04-20T05:08:21.208Z"}
{"message":"addFodder added successfully","level":"info","timestamp":"2021-04-20T05:08:21.254Z"}
{"message":"received add dailyConsumption request from manager with details undefined","level":"info","timestamp":"2021-04-20T05:08:41.606Z"}
{"message":"addConsumption added successfully","level":"info","timestamp":"2021-04-20T05:08:41.906Z"}
{"message":"received Fodder request from manager with details undefined","level":"info","timestamp":"2021-04-21T08:28:46.575Z"}
{"message":"addFodder added successfully","level":"info","timestamp":"2021-04-21T08:28:47.083Z"}
{"message":"received add dailyConsumption request from manager with details undefined","level":"info","timestamp":"2021-04-21T08:28:57.348Z"}
{"message":"addConsumption added successfully","level":"info","timestamp":"2021-04-21T08:28:57.472Z"}
{"message":"received Fodder request from manager with details undefined","level":"info","timestamp":"2021-04-21T11:56:17.550Z"}
{"message":"addFodder added successfully","level":"info","timestamp":"2021-04-21T11:56:17.708Z"}
{"message":"received Fodder request from manager with details undefined","level":"info","timestamp":"2021-04-23T03:56:56.550Z"}
{"message":"addFodder added successfully","level":"info","timestamp":"2021-04-23T03:56:57.132Z"}
{"message":"received add dailyConsumption request from manager with details undefined","level":"info","timestamp":"2021-04-23T03:57:03.866Z"}
{"message":"addConsumption added successfully","level":"info","timestamp":"2021-04-23T03:57:04.253Z"}
{"message":"received Fodder request from manager with details undefined","level":"info","timestamp":"2021-04-23T05:36:58.184Z"}
{"message":"addFodder added successfully","level":"info","timestamp":"2021-04-23T05:36:58.626Z"}
{"message":"received add dailyConsumption request from manager with details undefined","level":"info","timestamp":"2021-04-23T05:37:10.820Z"}
{"message":"addConsumption added successfully","level":"info","timestamp":"2021-04-23T05:37:11.144Z"}
{"message":"received add dailyConsumption request from manager with details undefined","level":"info","timestamp":"2021-04-29T08:25:39.629Z"}
{"message":"addConsumption added successfully","level":"info","timestamp":"2021-04-29T08:25:39.995Z"}
{"message":"received add dailyConsumption request from manager with details undefined","level":"info","timestamp":"2021-04-30T04:14:41.691Z"}
{"message":"addConsumption added successfully","level":"info","timestamp":"2021-04-30T04:14:42.172Z"}
{"message":"received Fodder request from manager with details undefined","level":"info","timestamp":"2021-04-30T11:29:24.567Z"}
{"message":"addFodder added successfully","level":"info","timestamp":"2021-04-30T11:29:24.691Z"}
{"message":"received add dailyConsumption request from manager with details undefined","level":"info","timestamp":"2021-04-30T11:29:32.991Z"}
{"message":"addConsumption added successfully","level":"info","timestamp":"2021-04-30T11:29:33.062Z"}
{"message":"received add dailyConsumption request from manager with details undefined","level":"info","timestamp":"2021-05-03T08:07:55.784Z"}
{"message":"addConsumption added successfully","level":"info","timestamp":"2021-05-03T08:07:55.997Z"}
{"message":"received Fodder request from manager with details undefined","level":"info","timestamp":"2021-05-06T04:25:56.301Z"}
{"message":"addFodder added successfully","level":"info","timestamp":"2021-05-06T04:25:56.464Z"}
{"message":"received add dailyConsumption request from manager with details undefined","level":"info","timestamp":"2021-05-06T04:26:07.300Z"}
{"message":"addConsumption added successfully","level":"info","timestamp":"2021-05-06T04:26:07.464Z"}
{"message":"received Fodder request from manager with details undefined","level":"info","timestamp":"2021-05-10T11:01:07.298Z"}
{"message":"addFodder added successfully","level":"info","timestamp":"2021-05-10T11:01:07.418Z"}
{"message":"received add dailyConsumption request from manager with details undefined","level":"info","timestamp":"2021-05-10T11:01:16.764Z"}
{"message":"addConsumption added successfully","level":"info","timestamp":"2021-05-10T11:01:16.817Z"}
{"message":"received add dailyConsumption request from manager with details undefined","level":"info","timestamp":"2021-05-11T05:49:17.848Z"}
{"message":"addConsumption added successfully","level":"info","timestamp":"2021-05-11T05:49:18.046Z"}
{"message":"received add dailyConsumption request from manager with details undefined","level":"info","timestamp":"2021-05-11T05:49:20.232Z"}
{"message":"addConsumption added successfully","level":"info","timestamp":"2021-05-11T05:49:20.234Z"}
{"message":"received Fodder request from manager with details undefined","level":"info","timestamp":"2021-05-12T12:22:20.093Z"}
{"message":"addFodder added successfully","level":"info","timestamp":"2021-05-12T12:22:20.144Z"}
{"message":"received add dailyConsumption request from manager with details undefined","level":"info","timestamp":"2021-05-12T12:28:18.726Z"}
{"message":"addConsumption added successfully","level":"info","timestamp":"2021-05-12T12:28:18.748Z"}
{"message":"received Fodder request from manager with details undefined","level":"info","timestamp":"2021-05-14T03:01:56.713Z"}
{"message":"addFodder added successfully","level":"info","timestamp":"2021-05-14T03:01:57.110Z"}
{"message":"received add dailyConsumption request from manager with details undefined","level":"info","timestamp":"2021-05-15T06:03:32.327Z"}
{"message":"addConsumption added successfully","level":"info","timestamp":"2021-05-15T06:03:32.577Z"}
{"message":"received add dailyConsumption request from manager with details undefined","level":"info","timestamp":"2021-05-15T06:03:42.328Z"}
{"message":"addConsumption added successfully","level":"info","timestamp":"2021-05-15T06:03:42.376Z"}
{"message":"received add dailyConsumption request from manager with details undefined","level":"info","timestamp":"2021-05-15T06:14:34.071Z"}
{"message":"addConsumption added successfully","level":"info","timestamp":"2021-05-15T06:14:34.415Z"}
{"message":"received add dailyConsumption request from manager with details undefined","level":"info","timestamp":"2021-05-15T06:14:47.547Z"}
{"message":"addConsumption added successfully","level":"info","timestamp":"2021-05-15T06:14:47.584Z"}
{"message":"received add dailyConsumption request from manager with details undefined","level":"info","timestamp":"2021-05-15T06:15:37.977Z"}
{"message":"addConsumption added successfully","level":"info","timestamp":"2021-05-15T06:15:38.021Z"}
{"message":"received add dailyConsumption request from manager with details undefined","level":"info","timestamp":"2021-05-15T06:28:03.824Z"}
{"message":"addConsumption added successfully","level":"info","timestamp":"2021-05-15T06:28:04.057Z"}
{"message":"received add dailyConsumption request from manager with details undefined","level":"info","timestamp":"2021-05-15T06:30:40.297Z"}
{"message":"addConsumption added successfully","level":"info","timestamp":"2021-05-15T06:30:40.300Z"}
{"message":"received add dailyConsumption request from manager with details undefined","level":"info","timestamp":"2021-05-15T06:30:50.089Z"}
{"message":"addConsumption added successfully","level":"info","timestamp":"2021-05-15T06:30:50.090Z"}
{"message":"received add dailyConsumption request from manager with details undefined","level":"info","timestamp":"2021-05-15T06:43:28.182Z"}
{"message":"addConsumption added successfully","level":"info","timestamp":"2021-05-15T06:43:28.361Z"}
{"message":"received add dailyConsumption request from manager with details undefined","level":"info","timestamp":"2021-05-15T06:44:12.538Z"}
{"message":"addConsumption added successfully","level":"info","timestamp":"2021-05-15T06:44:12.542Z"}
{"message":"received add dailyConsumption request from manager with details undefined","level":"info","timestamp":"2021-05-15T06:44:20.376Z"}
{"message":"addConsumption added successfully","level":"info","timestamp":"2021-05-15T06:44:20.386Z"}
{"message":"received add dailyConsumption request from manager with details undefined","level":"info","timestamp":"2021-05-15T06:44:23.570Z"}
{"message":"addConsumption added successfully","level":"info","timestamp":"2021-05-15T06:44:23.571Z"}
{"message":"received add dailyConsumption request from manager with details undefined","level":"info","timestamp":"2021-05-15T06:45:32.349Z"}
{"message":"addConsumption added successfully","level":"info","timestamp":"2021-05-15T06:45:32.353Z"}
{"message":"received add dailyConsumption request from manager with details undefined","level":"info","timestamp":"2021-05-15T06:45:40.038Z"}
{"message":"addConsumption added successfully","level":"info","timestamp":"2021-05-15T06:45:40.042Z"}
{"message":"received add dailyConsumption request from manager with details undefined","level":"info","timestamp":"2021-05-15T06:45:53.309Z"}
{"message":"addConsumption added successfully","level":"info","timestamp":"2021-05-15T06:45:53.311Z"}
{"message":"received add dailyConsumption request from manager with details undefined","level":"info","timestamp":"2021-05-15T06:46:13.394Z"}
{"message":"addConsumption added successfully","level":"info","timestamp":"2021-05-15T06:46:13.445Z"}
{"message":"received add dailyConsumption request from manager with details undefined","level":"info","timestamp":"2021-05-15T06:51:47.674Z"}
{"message":"addConsumption added successfully","level":"info","timestamp":"2021-05-15T06:51:47.691Z"}
{"message":"received add dailyConsumption request from manager with details undefined","level":"info","timestamp":"2021-05-15T06:52:04.680Z"}
{"message":"addConsumption added successfully","level":"info","timestamp":"2021-05-15T06:52:04.684Z"}
{"message":"received add dailyConsumption request from manager with details undefined","level":"info","timestamp":"2021-05-15T06:52:25.689Z"}
{"message":"addConsumption added successfully","level":"info","timestamp":"2021-05-15T06:52:25.711Z"}
{"message":"received add dailyConsumption request from manager with details undefined","level":"info","timestamp":"2021-05-15T06:56:19.632Z"}
{"message":"addConsumption added successfully","level":"info","timestamp":"2021-05-15T06:56:19.636Z"}
{"message":"received add dailyConsumption request from manager with details undefined","level":"info","timestamp":"2021-05-15T06:57:15.371Z"}
{"message":"addConsumption added successfully","level":"info","timestamp":"2021-05-15T06:57:15.376Z"}
{"message":"received add dailyConsumption request from manager with details undefined","level":"info","timestamp":"2021-05-15T06:57:30.763Z"}
{"message":"addConsumption added successfully","level":"info","timestamp":"2021-05-15T06:57:30.766Z"}
{"message":"received add dailyConsumption request from manager with details undefined","level":"info","timestamp":"2021-05-15T07:02:15.365Z"}
{"message":"addConsumption added successfully","level":"info","timestamp":"2021-05-15T07:02:15.370Z"}
{"message":"received add dailyConsumption request from manager with details undefined","level":"info","timestamp":"2021-05-15T07:08:03.086Z"}
{"message":"addConsumption added successfully","level":"info","timestamp":"2021-05-15T07:08:03.137Z"}
{"message":"received add dailyConsumption request from manager with details undefined","level":"info","timestamp":"2021-05-15T07:39:53.453Z"}
{"message":"addConsumption added successfully","level":"info","timestamp":"2021-05-15T07:39:53.544Z"}
{"message":"received add dailyConsumption request from manager with details undefined","level":"info","timestamp":"2021-05-15T07:41:50.065Z"}
{"message":"addConsumption added successfully","level":"info","timestamp":"2021-05-15T07:41:50.085Z"}
{"message":"received add dailyConsumption request from manager with details undefined","level":"info","timestamp":"2021-05-18T04:12:20.519Z"}
{"message":"addConsumption added successfully","level":"info","timestamp":"2021-05-18T04:12:20.817Z"}
{"message":"received add dailyConsumption request from manager with details undefined","level":"info","timestamp":"2021-05-18T04:12:39.014Z"}
{"message":"addConsumption added successfully","level":"info","timestamp":"2021-05-18T04:12:39.068Z"}
{"message":"received add dailyConsumption request from manager with details undefined","level":"info","timestamp":"2021-05-18T04:14:08.478Z"}
{"message":"addConsumption added successfully","level":"info","timestamp":"2021-05-18T04:14:08.490Z"}
{"message":"received add dailyConsumption request from manager with details undefined","level":"info","timestamp":"2021-05-18T04:14:30.062Z"}
{"message":"addConsumption added successfully","level":"info","timestamp":"2021-05-18T04:14:30.079Z"}
{"message":"received add dailyConsumption request from manager with details undefined","level":"info","timestamp":"2021-05-18T04:15:05.836Z"}
{"message":"addConsumption added successfully","level":"info","timestamp":"2021-05-18T04:15:05.846Z"}
{"message":"received add dailyConsumption request from manager with details undefined","level":"info","timestamp":"2021-05-18T04:18:35.733Z"}
{"message":"addConsumption added successfully","level":"info","timestamp":"2021-05-18T04:18:35.802Z"}
{"message":"received add dailyConsumption request from manager with details undefined","level":"info","timestamp":"2021-05-18T04:20:46.930Z"}
{"message":"addConsumption added successfully","level":"info","timestamp":"2021-05-18T04:20:46.939Z"}
{"message":"received add dailyConsumption request from manager with details undefined","level":"info","timestamp":"2021-05-18T04:55:25.155Z"}
{"message":"addConsumption added successfully","level":"info","timestamp":"2021-05-18T04:55:25.269Z"}
{"message":"received add dailyConsumption request from manager with details undefined","level":"info","timestamp":"2021-05-18T05:01:58.154Z"}
{"message":"addConsumption added successfully","level":"info","timestamp":"2021-05-18T05:01:58.227Z"}
{"message":"received add dailyConsumption request from manager with details undefined","level":"info","timestamp":"2021-05-18T07:44:10.654Z"}
{"message":"addConsumption added successfully","level":"info","timestamp":"2021-05-18T07:44:10.866Z"}
{"message":"received Fodder request from manager with details undefined","level":"info","timestamp":"2021-05-18T12:15:02.216Z"}
{"message":"addFodder added successfully","level":"info","timestamp":"2021-05-18T12:15:02.484Z"}
{"message":"received add dailyConsumption request from manager with details undefined","level":"info","timestamp":"2021-05-18T12:15:09.535Z"}
{"message":"addConsumption added successfully","level":"info","timestamp":"2021-05-18T12:15:09.640Z"}
{"message":"received add dailyConsumption request from manager with details undefined","level":"info","timestamp":"2021-05-19T02:37:26.075Z"}
{"message":"addConsumption added successfully","level":"info","timestamp":"2021-05-19T02:37:26.193Z"}
{"message":"received Fodder request from manager with details undefined","level":"info","timestamp":"2021-05-19T03:56:09.926Z"}
{"message":"addFodder added successfully","level":"info","timestamp":"2021-05-19T03:56:09.971Z"}
{"message":"received Fodder request from manager with details undefined","level":"info","timestamp":"2021-05-19T03:57:09.621Z"}
{"message":"addFodder added successfully","level":"info","timestamp":"2021-05-19T03:57:09.696Z"}
{"message":"received Fodder request from manager with details undefined","level":"info","timestamp":"2021-05-19T04:51:33.246Z"}
{"message":"addFodder added successfully","level":"info","timestamp":"2021-05-19T04:51:33.337Z"}
{"message":"received Fodder request from manager with details undefined","level":"info","timestamp":"2021-05-19T05:36:16.257Z"}
{"message":"addFodder added successfully","level":"info","timestamp":"2021-05-19T05:36:16.308Z"}
{"message":"received Fodder request from manager with details undefined","level":"info","timestamp":"2021-05-19T11:31:45.798Z"}
{"message":"addFodder added successfully","level":"info","timestamp":"2021-05-19T11:31:45.837Z"}
{"message":"received Fodder request from manager with details undefined","level":"info","timestamp":"2021-05-19T11:35:00.959Z"}
{"message":"addFodder added successfully","level":"info","timestamp":"2021-05-19T11:35:01.002Z"}
{"message":"received Fodder request from manager with details undefined","level":"info","timestamp":"2021-05-19T11:35:08.612Z"}
{"message":"addFodder added successfully","level":"info","timestamp":"2021-05-19T11:35:08.613Z"}
{"message":"received Fodder request from manager with details undefined","level":"info","timestamp":"2021-05-19T11:35:17.727Z"}
{"message":"addFodder added successfully","level":"info","timestamp":"2021-05-19T11:35:17.729Z"}
{"message":"received Fodder request from manager with details undefined","level":"info","timestamp":"2021-05-19T11:38:08.798Z"}
{"message":"addFodder added successfully","level":"info","timestamp":"2021-05-19T11:38:08.842Z"}
{"message":"received Fodder request from manager with details undefined","level":"info","timestamp":"2021-05-19T11:39:38.218Z"}
{"message":"addFodder added successfully","level":"info","timestamp":"2021-05-19T11:39:38.234Z"}
{"message":"received add dailyConsumption request from manager with details undefined","level":"info","timestamp":"2021-05-19T11:39:52.112Z"}
{"message":"addConsumption added successfully","level":"info","timestamp":"2021-05-19T11:39:52.180Z"}
{"message":"received Fodder request from manager with details undefined","level":"info","timestamp":"2021-05-19T11:53:57.807Z"}
{"message":"addFodder added successfully","level":"info","timestamp":"2021-05-19T11:53:58.161Z"}
{"message":"received Fodder request from manager with details undefined","level":"info","timestamp":"2021-05-19T11:54:16.763Z"}
{"message":"addFodder added successfully","level":"info","timestamp":"2021-05-19T11:54:16.838Z"}
{"message":"received Fodder request from manager with details undefined","level":"info","timestamp":"2021-05-19T11:55:10.114Z"}
{"message":"addFodder added successfully","level":"info","timestamp":"2021-05-19T11:55:10.182Z"}
{"message":"received add dailyConsumption request from manager with details undefined","level":"info","timestamp":"2021-05-19T12:03:10.930Z"}
{"message":"addConsumption added successfully","level":"info","timestamp":"2021-05-19T12:03:11.039Z"}
{"message":"received add dailyConsumption request from manager with details undefined","level":"info","timestamp":"2021-05-19T12:04:18.666Z"}
{"message":"addConsumption added successfully","level":"info","timestamp":"2021-05-19T12:04:18.786Z"}
{"message":"received add dailyConsumption request from manager with details undefined","level":"info","timestamp":"2021-05-20T03:44:37.645Z"}
{"message":"addConsumption added successfully","level":"info","timestamp":"2021-05-20T03:44:37.989Z"}
{"message":"received add dailyConsumption request from manager with details undefined","level":"info","timestamp":"2021-05-20T03:46:30.084Z"}
{"message":"addConsumption added successfully","level":"info","timestamp":"2021-05-20T03:46:30.104Z"}
{"message":"received Fodder request from manager with details undefined","level":"info","timestamp":"2021-05-20T05:27:41.387Z"}
{"message":"addFodder added successfully","level":"info","timestamp":"2021-05-20T05:27:41.479Z"}
{"message":"received Fodder request from manager with details undefined","level":"info","timestamp":"2021-05-20T05:28:29.415Z"}
{"message":"addFodder added successfully","level":"info","timestamp":"2021-05-20T05:28:29.417Z"}
{"message":"received Fodder request from manager with details undefined","level":"info","timestamp":"2021-05-24T03:44:39.318Z"}
{"message":"addFodder added successfully","level":"info","timestamp":"2021-05-24T03:44:39.672Z"}
{"message":"received add dailyConsumption request from manager with details undefined","level":"info","timestamp":"2021-05-24T03:44:57.916Z"}
{"message":"addConsumption added successfully","level":"info","timestamp":"2021-05-24T03:44:58.069Z"}
{"message":"received Fodder request from manager with details undefined","level":"info","timestamp":"2021-05-24T04:06:10.143Z"}
{"message":"addFodder added successfully","level":"info","timestamp":"2021-05-24T04:06:10.236Z"}
{"message":"received Fodder request from manager with details undefined","level":"info","timestamp":"2021-05-24T04:09:54.049Z"}
{"message":"addFodder added successfully","level":"info","timestamp":"2021-05-24T04:09:54.088Z"}
{"message":"received Fodder request from manager with details undefined","level":"info","timestamp":"2021-05-24T04:10:33.334Z"}
{"message":"addFodder added successfully","level":"info","timestamp":"2021-05-24T04:10:33.424Z"}
{"message":"received Fodder request from manager with details undefined","level":"info","timestamp":"2021-05-24T04:12:11.557Z"}
{"message":"addFodder added successfully","level":"info","timestamp":"2021-05-24T04:12:11.600Z"}
{"message":"received add dailyConsumption request from manager with details undefined","level":"info","timestamp":"2021-05-24T04:21:25.612Z"}
{"message":"addConsumption added successfully","level":"info","timestamp":"2021-05-24T04:21:25.682Z"}
{"message":"received add dailyConsumption request from manager with details undefined","level":"info","timestamp":"2021-05-24T04:23:17.782Z"}
{"message":"addConsumption added successfully","level":"info","timestamp":"2021-05-24T04:23:17.813Z"}
{"message":"received add dailyConsumption request from manager with details undefined","level":"info","timestamp":"2021-05-24T04:23:59.970Z"}
{"message":"addConsumption added successfully","level":"info","timestamp":"2021-05-24T04:24:00.003Z"}
{"message":"received add dailyConsumption request from manager with details undefined","level":"info","timestamp":"2021-05-24T04:24:13.933Z"}
{"message":"addConsumption added successfully","level":"info","timestamp":"2021-05-24T04:24:14.033Z"}
{"message":"received Fodder request from manager with details undefined","level":"info","timestamp":"2021-05-24T04:31:05.124Z"}
{"message":"addFodder added successfully","level":"info","timestamp":"2021-05-24T04:31:05.165Z"}
{"message":"received add dailyConsumption request from manager with details undefined","level":"info","timestamp":"2021-05-24T04:37:54.616Z"}
{"message":"addConsumption added successfully","level":"info","timestamp":"2021-05-24T04:37:54.776Z"}
{"message":"received Fodder request from manager with details undefined","level":"info","timestamp":"2021-05-24T04:44:10.838Z"}
{"message":"addFodder added successfully","level":"info","timestamp":"2021-05-24T04:44:10.888Z"}
{"message":"received Fodder request from manager with details undefined","level":"info","timestamp":"2021-05-25T04:01:03.580Z"}
{"message":"addFodder added successfully","level":"info","timestamp":"2021-05-25T04:01:03.745Z"}
{"message":"received Fodder request from manager with details undefined","level":"info","timestamp":"2021-05-25T09:19:47.062Z"}
{"message":"received Fodder request from manager with details undefined","level":"info","timestamp":"2021-05-25T09:19:49.958Z"}
{"message":"received Fodder request from manager with details undefined","level":"info","timestamp":"2021-05-25T09:20:48.186Z"}
{"message":"addFodder added successfully","level":"info","timestamp":"2021-05-25T09:20:48.239Z"}
{"message":"received add dailyConsumption request from manager with details undefined","level":"info","timestamp":"2021-05-25T09:24:24.634Z"}
{"message":"addConsumption added successfully","level":"info","timestamp":"2021-05-25T09:24:24.801Z"}
{"message":"received add dailyConsumption request from manager with details undefined","level":"info","timestamp":"2021-05-25T09:24:33.807Z"}
{"message":"addConsumption added successfully","level":"info","timestamp":"2021-05-25T09:24:33.826Z"}
{"message":"received add dailyConsumption request from manager with details undefined","level":"info","timestamp":"2021-05-25T09:24:45.699Z"}
{"message":"addConsumption added successfully","level":"info","timestamp":"2021-05-25T09:24:45.701Z"}
{"message":"received Fodder request from manager with details undefined","level":"info","timestamp":"2021-05-25T09:40:24.842Z"}
{"message":"addFodder added successfully","level":"info","timestamp":"2021-05-25T09:40:24.885Z"}
{"message":"received add dailyConsumption request from manager with details undefined","level":"info","timestamp":"2021-05-25T09:40:52.387Z"}
{"message":"addConsumption added successfully","level":"info","timestamp":"2021-05-25T09:40:52.449Z"}
{"message":"received Fodder request from manager with details undefined","level":"info","timestamp":"2021-05-26T03:42:52.277Z"}
{"message":"addFodder added successfully","level":"info","timestamp":"2021-05-26T03:42:52.339Z"}
{"message":"received add dailyConsumption request from manager with details undefined","level":"info","timestamp":"2021-05-26T03:43:00.162Z"}
{"message":"addConsumption added successfully","level":"info","timestamp":"2021-05-26T03:43:00.184Z"}
{"message":"received add dailyConsumption request from manager with details undefined","level":"info","timestamp":"2021-05-27T04:11:12.307Z"}
{"message":"addConsumption added successfully","level":"info","timestamp":"2021-05-27T04:11:12.346Z"}
{"message":"received add dailyConsumption request from manager with details undefined","level":"info","timestamp":"2021-05-27T04:39:03.694Z"}
{"message":"addConsumption added successfully","level":"info","timestamp":"2021-05-27T04:39:03.739Z"}
{"message":"received add dailyConsumption request from manager with details undefined","level":"info","timestamp":"2021-05-27T05:28:58.903Z"}
{"message":"addConsumption added successfully","level":"info","timestamp":"2021-05-27T05:28:59.163Z"}
{"message":"received add dailyConsumption request from manager with details undefined","level":"info","timestamp":"2021-05-27T06:15:14.322Z"}
{"message":"addConsumption added successfully","level":"info","timestamp":"2021-05-27T06:15:14.340Z"}
{"message":"received add dailyConsumption request from manager with details undefined","level":"info","timestamp":"2021-05-27T06:15:26.294Z"}
{"message":"addConsumption added successfully","level":"info","timestamp":"2021-05-27T06:15:26.345Z"}
{"message":"received Fodder request from manager with details undefined","level":"info","timestamp":"2021-05-27T07:58:28.226Z"}
{"message":"addFodder added successfully","level":"info","timestamp":"2021-05-27T07:58:28.525Z"}
{"message":"received Fodder request from manager with details undefined","level":"info","timestamp":"2021-05-28T08:44:33.401Z"}
{"message":"addFodder added successfully","level":"info","timestamp":"2021-05-28T08:44:33.526Z"}
{"message":"received Fodder request from manager with details undefined","level":"info","timestamp":"2021-05-31T06:41:47.712Z"}
{"message":"addFodder added successfully","level":"info","timestamp":"2021-05-31T06:41:47.943Z"}
{"message":"received Fodder request from manager with details undefined","level":"info","timestamp":"2021-05-31T12:18:11.383Z"}
{"message":"addFodder added successfully","level":"info","timestamp":"2021-05-31T12:18:11.486Z"}
{"message":"received Fodder request from manager with details undefined","level":"info","timestamp":"2021-05-31T13:55:10.616Z"}
{"message":"addFodder added successfully","level":"info","timestamp":"2021-05-31T13:55:10.736Z"}
{"message":"received add dailyConsumption request from manager with details undefined","level":"info","timestamp":"2021-05-31T13:55:19.881Z"}
{"message":"addConsumption added successfully","level":"info","timestamp":"2021-05-31T13:55:20.005Z"}
{"message":"received Fodder request from manager with details undefined","level":"info","timestamp":"2021-06-01T03:08:38.966Z"}
{"message":"addFodder added successfully","level":"info","timestamp":"2021-06-01T03:08:39.073Z"}
{"message":"received add dailyConsumption request from manager with details undefined","level":"info","timestamp":"2021-06-01T03:08:45.429Z"}
{"message":"addConsumption added successfully","level":"info","timestamp":"2021-06-01T03:08:45.530Z"}
{"message":"received Fodder request from manager with details undefined","level":"info","timestamp":"2021-06-01T03:25:48.841Z"}
{"message":"addFodder added successfully","level":"info","timestamp":"2021-06-01T03:25:49.225Z"}
{"message":"received add dailyConsumption request from manager with details undefined","level":"info","timestamp":"2021-06-01T03:25:57.336Z"}
{"message":"addConsumption added successfully","level":"info","timestamp":"2021-06-01T03:25:57.342Z"}
{"message":"received Fodder request from manager with details undefined","level":"info","timestamp":"2021-06-04T05:57:46.060Z"}
{"message":"addFodder added successfully","level":"info","timestamp":"2021-06-04T05:57:46.545Z"}
{"message":"received Fodder request from manager with details undefined","level":"info","timestamp":"2021-06-09T03:52:14.738Z"}
{"message":"addFodder added successfully","level":"info","timestamp":"2021-06-09T03:52:14.946Z"}
{"message":"received add dailyConsumption request from manager with details undefined","level":"info","timestamp":"2021-06-09T03:52:20.915Z"}
{"message":"addConsumption added successfully","level":"info","timestamp":"2021-06-09T03:52:21.202Z"}
{"message":"received Fodder request from manager with details undefined","level":"info","timestamp":"2021-06-09T11:15:28.187Z"}
{"message":"addFodder added successfully","level":"info","timestamp":"2021-06-09T11:15:28.386Z"}
{"message":"received Fodder request from manager with details undefined","level":"info","timestamp":"2021-06-09T11:15:43.171Z"}
{"message":"addFodder added successfully","level":"info","timestamp":"2021-06-09T11:15:43.225Z"}
{"message":"received Fodder request from manager with details undefined","level":"info","timestamp":"2021-06-09T11:16:23.964Z"}
{"message":"addFodder added successfully","level":"info","timestamp":"2021-06-09T11:16:24.035Z"}
{"message":"received Fodder request from manager with details undefined","level":"info","timestamp":"2021-06-09T11:16:45.515Z"}
{"message":"addFodder added successfully","level":"info","timestamp":"2021-06-09T11:16:45.582Z"}
{"message":"received Fodder request from manager with details undefined","level":"info","timestamp":"2021-06-09T11:23:10.554Z"}
{"message":"addFodder added successfully","level":"info","timestamp":"2021-06-09T11:23:10.675Z"}
{"message":"received Fodder request from manager with details undefined","level":"info","timestamp":"2021-06-09T11:52:44.971Z"}
{"message":"addFodder added successfully","level":"info","timestamp":"2021-06-09T11:52:45.057Z"}
{"message":"received Fodder request from manager with details undefined","level":"info","timestamp":"2021-06-09T12:02:20.432Z"}
{"message":"addFodder added successfully","level":"info","timestamp":"2021-06-09T12:02:20.481Z"}
{"message":"received Fodder request from manager with details undefined","level":"info","timestamp":"2021-06-09T12:02:39.250Z"}
{"message":"addFodder added successfully","level":"info","timestamp":"2021-06-09T12:02:39.362Z"}
{"message":"received Fodder request from manager with details undefined","level":"info","timestamp":"2021-06-09T12:19:55.951Z"}
{"message":"addFodder added successfully","level":"info","timestamp":"2021-06-09T12:19:56.001Z"}
{"message":"received Fodder request from manager with details undefined","level":"info","timestamp":"2021-06-09T12:27:23.800Z"}
{"message":"addFodder added successfully","level":"info","timestamp":"2021-06-09T12:27:24.158Z"}
{"message":"received Fodder request from manager with details undefined","level":"info","timestamp":"2021-06-10T04:27:02.903Z"}
{"message":"addFodder added successfully","level":"info","timestamp":"2021-06-10T04:27:03.179Z"}
{"message":"received Fodder request from manager with details undefined","level":"info","timestamp":"2021-06-10T04:27:22.276Z"}
{"message":"addFodder added successfully","level":"info","timestamp":"2021-06-10T04:27:22.310Z"}
{"message":"received Fodder request from manager with details undefined","level":"info","timestamp":"2021-06-10T04:28:11.887Z"}
{"message":"addFodder added successfully","level":"info","timestamp":"2021-06-10T04:28:12.143Z"}
{"message":"received Fodder request from manager with details undefined","level":"info","timestamp":"2021-06-10T04:28:34.438Z"}
{"message":"addFodder added successfully","level":"info","timestamp":"2021-06-10T04:28:34.461Z"}
{"message":"received Fodder request from manager with details undefined","level":"info","timestamp":"2021-06-10T04:30:00.544Z"}
{"message":"addFodder added successfully","level":"info","timestamp":"2021-06-10T04:30:00.600Z"}
{"message":"received Fodder request from manager with details undefined","level":"info","timestamp":"2021-06-10T04:31:46.342Z"}
{"message":"addFodder added successfully","level":"info","timestamp":"2021-06-10T04:31:47.054Z"}
{"message":"received Fodder request from manager with details undefined","level":"info","timestamp":"2021-06-10T04:54:49.561Z"}
{"message":"addFodder added successfully","level":"info","timestamp":"2021-06-10T04:54:49.849Z"}
{"message":"received Fodder request from manager with details undefined","level":"info","timestamp":"2021-06-10T05:02:19.067Z"}
{"message":"addFodder added successfully","level":"info","timestamp":"2021-06-10T05:02:19.076Z"}
{"message":"received Fodder request from manager with details undefined","level":"info","timestamp":"2021-06-10T05:04:19.326Z"}
{"message":"addFodder added successfully","level":"info","timestamp":"2021-06-10T05:04:19.331Z"}
{"message":"received Fodder request from manager with details undefined","level":"info","timestamp":"2021-06-10T05:04:40.141Z"}
{"message":"addFodder added successfully","level":"info","timestamp":"2021-06-10T05:04:40.158Z"}
{"message":"received Fodder request from manager with details undefined","level":"info","timestamp":"2021-06-10T05:11:18.622Z"}
{"message":"addFodder added successfully","level":"info","timestamp":"2021-06-10T05:11:18.631Z"}
{"message":"received Fodder request from manager with details undefined","level":"info","timestamp":"2021-06-10T05:11:32.445Z"}
{"message":"addFodder added successfully","level":"info","timestamp":"2021-06-10T05:11:32.455Z"}
{"message":"received Fodder request from manager with details undefined","level":"info","timestamp":"2021-06-10T05:23:33.616Z"}
{"message":"addFodder added successfully","level":"info","timestamp":"2021-06-10T05:23:33.773Z"}
{"message":"received Fodder request from manager with details undefined","level":"info","timestamp":"2021-06-10T05:23:58.898Z"}
{"message":"addFodder added successfully","level":"info","timestamp":"2021-06-10T05:23:58.921Z"}
{"message":"received Fodder request from manager with details undefined","level":"info","timestamp":"2021-06-10T05:24:59.419Z"}
{"message":"addFodder added successfully","level":"info","timestamp":"2021-06-10T05:24:59.435Z"}
{"message":"received Fodder request from manager with details undefined","level":"info","timestamp":"2021-06-10T05:26:40.285Z"}
{"message":"addFodder added successfully","level":"info","timestamp":"2021-06-10T05:26:40.296Z"}
{"message":"received Fodder request from manager with details undefined","level":"info","timestamp":"2021-06-10T05:34:04.784Z"}
{"message":"addFodder added successfully","level":"info","timestamp":"2021-06-10T05:34:04.792Z"}
{"message":"received Fodder request from manager with details undefined","level":"info","timestamp":"2021-06-10T05:34:48.587Z"}
{"message":"addFodder added successfully","level":"info","timestamp":"2021-06-10T05:34:48.607Z"}
{"message":"received Fodder request from manager with details undefined","level":"info","timestamp":"2021-06-10T05:36:11.536Z"}
{"message":"addFodder added successfully","level":"info","timestamp":"2021-06-10T05:36:11.543Z"}
{"message":"received Fodder request from manager with details undefined","level":"info","timestamp":"2021-06-10T05:37:05.441Z"}
{"message":"addFodder added successfully","level":"info","timestamp":"2021-06-10T05:37:05.467Z"}
{"message":"received Fodder request from manager with details undefined","level":"info","timestamp":"2021-06-10T05:45:24.106Z"}
{"message":"addFodder added successfully","level":"info","timestamp":"2021-06-10T05:45:24.246Z"}
{"message":"received Fodder request from manager with details undefined","level":"info","timestamp":"2021-06-10T05:53:45.924Z"}
{"message":"addFodder added successfully","level":"info","timestamp":"2021-06-10T05:53:45.928Z"}
{"message":"received Fodder request from manager with details undefined","level":"info","timestamp":"2021-06-10T05:57:16.255Z"}
{"message":"addFodder added successfully","level":"info","timestamp":"2021-06-10T05:57:16.265Z"}
{"message":"received Fodder request from manager with details undefined","level":"info","timestamp":"2021-06-10T06:37:21.966Z"}
{"message":"addFodder added successfully","level":"info","timestamp":"2021-06-10T06:37:22.097Z"}
{"message":"received Fodder request from manager with details undefined","level":"info","timestamp":"2021-06-10T07:42:41.959Z"}
{"message":"addFodder added successfully","level":"info","timestamp":"2021-06-10T07:42:41.991Z"}
{"message":"received Fodder request from manager with details 45","level":"info","timestamp":"2021-06-10T08:47:21.242Z"}
{"message":"received Fodder request from manager with details undefined","level":"info","timestamp":"2021-06-10T08:47:43.766Z"}
{"message":"addFodder added successfully","level":"info","timestamp":"2021-06-10T08:47:43.809Z"}
{"message":"received Fodder request from manager with details undefined","level":"info","timestamp":"2021-06-10T08:48:50.174Z"}
{"message":"addFodder added successfully","level":"info","timestamp":"2021-06-10T08:48:50.186Z"}
{"message":"received Fodder request from manager with details undefined","level":"info","timestamp":"2021-06-10T08:49:21.808Z"}
{"message":"addFodder added successfully","level":"info","timestamp":"2021-06-10T08:49:21.825Z"}
{"message":"received add dailyConsumption request from manager with details undefined","level":"info","timestamp":"2021-06-10T08:52:20.366Z"}
{"message":"addConsumption added successfully","level":"info","timestamp":"2021-06-10T08:52:20.505Z"}
{"message":"received add dailyConsumption request from manager with details undefined","level":"info","timestamp":"2021-06-10T08:52:49.444Z"}
{"message":"addConsumption added successfully","level":"info","timestamp":"2021-06-10T08:52:49.530Z"}
{"message":"received add dailyConsumption request from manager with details undefined","level":"info","timestamp":"2021-06-10T08:54:51.134Z"}
{"message":"addConsumption added successfully","level":"info","timestamp":"2021-06-10T08:54:51.199Z"}
{"message":"received add dailyConsumption request from manager with details undefined","level":"info","timestamp":"2021-06-10T09:15:27.035Z"}
{"message":"addConsumption added successfully","level":"info","timestamp":"2021-06-10T09:15:27.099Z"}
{"message":"received add dailyConsumption request from manager with details undefined","level":"info","timestamp":"2021-06-10T09:18:40.786Z"}
{"message":"addConsumption added successfully","level":"info","timestamp":"2021-06-10T09:18:40.832Z"}
{"message":"received Fodder request from manager with details undefined","level":"info","timestamp":"2021-06-10T09:29:39.350Z"}
{"message":"addFodder added successfully","level":"info","timestamp":"2021-06-10T09:29:39.465Z"}
{"message":"received Fodder request from manager with details undefined","level":"info","timestamp":"2021-06-10T09:33:17.209Z"}
{"message":"addFodder added successfully","level":"info","timestamp":"2021-06-10T09:33:17.213Z"}
{"message":"received Fodder request from manager with details undefined","level":"info","timestamp":"2021-06-10T12:28:02.861Z"}
{"message":"addFodder added successfully","level":"info","timestamp":"2021-06-10T12:28:04.283Z"}
{"message":"received Fodder request from manager with details undefined","level":"info","timestamp":"2021-06-10T12:29:18.604Z"}
{"message":"addFodder added successfully","level":"info","timestamp":"2021-06-10T12:29:18.634Z"}
{"message":"received Fodder request from manager with details undefined","level":"info","timestamp":"2021-06-10T12:29:34.497Z"}
{"message":"addFodder added successfully","level":"info","timestamp":"2021-06-10T12:29:34.734Z"}
{"message":"received add dailyConsumption request from manager with details undefined","level":"info","timestamp":"2021-06-10T12:29:41.558Z"}
{"message":"addConsumption added successfully","level":"info","timestamp":"2021-06-10T12:29:41.596Z"}
{"message":"received add dailyConsumption request from manager with details undefined","level":"info","timestamp":"2021-06-10T12:38:14.456Z"}
{"message":"addConsumption added successfully","level":"info","timestamp":"2021-06-10T12:38:14.563Z"}
{"message":"received add dailyConsumption request from manager with details undefined","level":"info","timestamp":"2021-06-10T13:12:13.934Z"}
{"message":"addConsumption added successfully","level":"info","timestamp":"2021-06-10T13:12:14.275Z"}
{"message":"received add dailyConsumption request from manager with details undefined","level":"info","timestamp":"2021-06-10T13:13:41.482Z"}
{"message":"addConsumption added successfully","level":"info","timestamp":"2021-06-10T13:13:41.625Z"}
{"message":"received add dailyConsumption request from manager with details undefined","level":"info","timestamp":"2021-06-11T06:49:11.337Z"}
{"message":"addConsumption added successfully","level":"info","timestamp":"2021-06-11T06:49:11.885Z"}
{"message":"received add dailyConsumption request from manager with details undefined","level":"info","timestamp":"2021-06-11T06:49:22.820Z"}
{"message":"addConsumption added successfully","level":"info","timestamp":"2021-06-11T06:49:22.948Z"}
{"message":"received add dailyConsumption request from manager with details undefined","level":"info","timestamp":"2021-06-14T05:04:11.227Z"}
{"message":"received add dailyConsumption request from manager with details undefined","level":"info","timestamp":"2021-06-14T05:04:47.323Z"}
{"message":"addConsumption added successfully","level":"info","timestamp":"2021-06-14T05:04:47.645Z"}
{"message":"received add dailyConsumption request from manager with details undefined","level":"info","timestamp":"2021-06-14T06:05:31.127Z"}
{"message":"addConsumption added successfully","level":"info","timestamp":"2021-06-14T06:05:31.336Z"}
{"message":"received add dailyConsumption request from manager with details undefined","level":"info","timestamp":"2021-06-14T06:06:47.536Z"}
{"message":"addConsumption added successfully","level":"info","timestamp":"2021-06-14T06:06:47.677Z"}
{"message":"received add dailyConsumption request from manager with details undefined","level":"info","timestamp":"2021-06-14T06:46:01.110Z"}
{"message":"addConsumption added successfully","level":"info","timestamp":"2021-06-14T06:46:01.170Z"}
{"message":"received add dailyConsumption request from manager with details undefined","level":"info","timestamp":"2021-06-14T06:50:48.368Z"}
{"message":"addConsumption added successfully","level":"info","timestamp":"2021-06-14T06:50:48.568Z"}
{"message":"received add dailyConsumption request from manager with details undefined","level":"info","timestamp":"2021-06-14T07:11:23.650Z"}
{"message":"addConsumption added successfully","level":"info","timestamp":"2021-06-14T07:11:23.716Z"}
{"message":"received Fodder request from manager with details undefined","level":"info","timestamp":"2021-06-15T03:59:53.425Z"}
{"message":"received Fodder request from manager with details undefined","level":"info","timestamp":"2021-06-15T03:59:54.092Z"}
{"message":"addFodder added successfully","level":"info","timestamp":"2021-06-15T03:59:55.673Z"}
{"message":"addFodder added successfully","level":"info","timestamp":"2021-06-15T03:59:55.702Z"}
{"message":"received add dailyConsumption request from manager with details undefined","level":"info","timestamp":"2021-06-15T04:02:06.496Z"}
{"message":"addConsumption added successfully","level":"info","timestamp":"2021-06-15T04:02:06.537Z"}
{"message":"received Fodder request from manager with details undefined","level":"info","timestamp":"2021-06-15T08:00:06.075Z"}
{"message":"addFodder added successfully","level":"info","timestamp":"2021-06-15T08:00:06.210Z"}
{"message":"received add dailyConsumption request from manager with details undefined","level":"info","timestamp":"2021-06-15T08:00:12.558Z"}
{"message":"addConsumption added successfully","level":"info","timestamp":"2021-06-15T08:00:12.610Z"}
{"message":"received Fodder request from manager with details undefined","level":"info","timestamp":"2021-06-15T10:48:14.318Z"}
{"message":"addFodder added successfully","level":"info","timestamp":"2021-06-15T10:48:14.456Z"}
{"message":"received add dailyConsumption request from manager with details undefined","level":"info","timestamp":"2021-06-15T10:49:08.322Z"}
{"message":"addConsumption added successfully","level":"info","timestamp":"2021-06-15T10:49:08.447Z"}
{"message":"received Fodder request from manager with details undefined","level":"info","timestamp":"2021-06-15T11:19:29.177Z"}
{"message":"addFodder added successfully","level":"info","timestamp":"2021-06-15T11:19:29.181Z"}
{"message":"received Fodder request from manager with details undefined","level":"info","timestamp":"2021-06-16T04:23:57.006Z"}
{"message":"addFodder added successfully","level":"info","timestamp":"2021-06-16T04:23:57.593Z"}
{"message":"received add dailyConsumption request from manager with details undefined","level":"info","timestamp":"2021-06-16T04:24:04.640Z"}
{"message":"addConsumption added successfully","level":"info","timestamp":"2021-06-16T04:24:04.773Z"}
{"message":"received Fodder request from manager with details undefined","level":"info","timestamp":"2021-06-17T11:08:15.111Z"}
{"message":"addFodder added successfully","level":"info","timestamp":"2021-06-17T11:08:15.239Z"}
{"message":"received Fodder request from manager with details undefined","level":"info","timestamp":"2021-06-17T12:23:36.399Z"}
{"message":"addFodder added successfully","level":"info","timestamp":"2021-06-17T12:23:37.088Z"}
{"message":"received Fodder request from manager with details undefined","level":"info","timestamp":"2021-06-21T03:49:40.066Z"}
{"message":"addFodder added successfully","level":"info","timestamp":"2021-06-21T03:49:41.340Z"}
{"message":"received add dailyConsumption request from manager with details undefined","level":"info","timestamp":"2021-06-21T03:49:52.510Z"}
{"message":"addConsumption added successfully","level":"info","timestamp":"2021-06-21T03:49:52.772Z"}
{"message":"received add dailyConsumption request from manager with details undefined","level":"info","timestamp":"2021-06-21T03:50:06.949Z"}
{"message":"addConsumption added successfully","level":"info","timestamp":"2021-06-21T03:50:07.189Z"}
{"message":"received add dailyConsumption request from manager with details undefined","level":"info","timestamp":"2021-06-21T03:53:14.548Z"}
{"message":"addConsumption added successfully","level":"info","timestamp":"2021-06-21T03:53:14.618Z"}
{"message":"received add dailyConsumption request from manager with details undefined","level":"info","timestamp":"2021-06-21T03:54:27.566Z"}
{"message":"addConsumption added successfully","level":"info","timestamp":"2021-06-21T03:54:28.026Z"}
{"message":"received add dailyConsumption request from manager with details undefined","level":"info","timestamp":"2021-06-21T03:58:09.434Z"}
{"message":"addConsumption added successfully","level":"info","timestamp":"2021-06-21T03:58:09.615Z"}
{"message":"received add dailyConsumption request from manager with details undefined","level":"info","timestamp":"2021-06-21T03:59:52.423Z"}
{"message":"addConsumption added successfully","level":"info","timestamp":"2021-06-21T03:59:52.452Z"}
{"message":"received add dailyConsumption request from manager with details undefined","level":"info","timestamp":"2021-06-21T04:00:02.697Z"}
{"message":"addConsumption added successfully","level":"info","timestamp":"2021-06-21T04:00:02.720Z"}
{"message":"received add dailyConsumption request from manager with details undefined","level":"info","timestamp":"2021-06-21T04:00:11.721Z"}
{"message":"addConsumption added successfully","level":"info","timestamp":"2021-06-21T04:00:11.899Z"}
{"message":"received add dailyConsumption request from manager with details undefined","level":"info","timestamp":"2021-06-21T04:06:24.410Z"}
{"message":"addConsumption added successfully","level":"info","timestamp":"2021-06-21T04:06:24.497Z"}
{"message":"received add dailyConsumption request from manager with details undefined","level":"info","timestamp":"2021-06-21T04:06:36.850Z"}
{"message":"addConsumption added successfully","level":"info","timestamp":"2021-06-21T04:06:37.000Z"}
{"message":"received add dailyConsumption request from manager with details undefined","level":"info","timestamp":"2021-06-21T04:10:07.884Z"}
{"message":"received add dailyConsumption request from manager with details undefined","level":"info","timestamp":"2021-06-21T04:15:00.827Z"}
{"message":"addConsumption added successfully","level":"info","timestamp":"2021-06-21T04:15:01.632Z"}
{"message":"received add dailyConsumption request from manager with details undefined","level":"info","timestamp":"2021-06-21T04:15:15.000Z"}
{"message":"addConsumption added successfully","level":"info","timestamp":"2021-06-21T04:15:15.147Z"}
{"message":"received add dailyConsumption request from manager with details undefined","level":"info","timestamp":"2021-06-21T04:15:23.167Z"}
{"message":"addConsumption added successfully","level":"info","timestamp":"2021-06-21T04:15:23.416Z"}
{"message":"received add dailyConsumption request from manager with details undefined","level":"info","timestamp":"2021-06-21T04:15:31.498Z"}
{"message":"addConsumption added successfully","level":"info","timestamp":"2021-06-21T04:15:31.563Z"}
{"message":"received add dailyConsumption request from manager with details undefined","level":"info","timestamp":"2021-06-21T04:27:16.716Z"}
{"message":"addConsumption added successfully","level":"info","timestamp":"2021-06-21T04:27:18.569Z"}
{"message":"received add dailyConsumption request from manager with details undefined","level":"info","timestamp":"2021-06-21T04:27:28.186Z"}
{"message":"addConsumption added successfully","level":"info","timestamp":"2021-06-21T04:27:28.211Z"}
{"message":"received add dailyConsumption request from manager with details undefined","level":"info","timestamp":"2021-06-21T04:27:35.311Z"}
{"message":"addConsumption added successfully","level":"info","timestamp":"2021-06-21T04:27:35.462Z"}
{"message":"received add dailyConsumption request from manager with details undefined","level":"info","timestamp":"2021-06-21T04:28:37.427Z"}
{"message":"addConsumption added successfully","level":"info","timestamp":"2021-06-21T04:28:37.509Z"}
{"message":"received add dailyConsumption request from manager with details undefined","level":"info","timestamp":"2021-06-21T04:28:44.278Z"}
{"message":"addConsumption added successfully","level":"info","timestamp":"2021-06-21T04:28:44.313Z"}
{"message":"received add dailyConsumption request from manager with details undefined","level":"info","timestamp":"2021-06-21T04:28:51.588Z"}
{"message":"addConsumption added successfully","level":"info","timestamp":"2021-06-21T04:28:51.639Z"}
{"message":"received add dailyConsumption request from manager with details undefined","level":"info","timestamp":"2021-06-21T04:31:12.748Z"}
{"message":"addConsumption added successfully","level":"info","timestamp":"2021-06-21T04:31:12.884Z"}
{"message":"received add dailyConsumption request from manager with details undefined","level":"info","timestamp":"2021-06-21T06:58:01.935Z"}
{"message":"addConsumption added successfully","level":"info","timestamp":"2021-06-21T06:58:02.092Z"}
{"message":"received add dailyConsumption request from manager with details undefined","level":"info","timestamp":"2021-06-21T06:58:15.709Z"}
{"message":"addConsumption added successfully","level":"info","timestamp":"2021-06-21T06:58:15.792Z"}
{"message":"received add dailyConsumption request from manager with details undefined","level":"info","timestamp":"2021-06-21T06:58:21.937Z"}
{"message":"addConsumption added successfully","level":"info","timestamp":"2021-06-21T06:58:21.948Z"}
{"message":"received add dailyConsumption request from manager with details undefined","level":"info","timestamp":"2021-06-21T08:49:58.831Z"}
{"message":"addConsumption added successfully","level":"info","timestamp":"2021-06-21T08:49:58.939Z"}
{"message":"received add dailyConsumption request from manager with details undefined","level":"info","timestamp":"2021-06-21T08:50:05.199Z"}
{"message":"addConsumption added successfully","level":"info","timestamp":"2021-06-21T08:50:05.463Z"}
{"message":"received add dailyConsumption request from manager with details undefined","level":"info","timestamp":"2021-06-21T11:31:56.811Z"}
{"message":"addConsumption added successfully","level":"info","timestamp":"2021-06-21T11:31:56.882Z"}
{"message":"received add dailyConsumption request from manager with details undefined","level":"info","timestamp":"2021-06-21T11:32:04.099Z"}
{"message":"addConsumption added successfully","level":"info","timestamp":"2021-06-21T11:32:04.125Z"}
{"message":"received add dailyConsumption request from manager with details undefined","level":"info","timestamp":"2021-06-21T11:32:20.472Z"}
{"message":"addConsumption added successfully","level":"info","timestamp":"2021-06-21T11:32:20.492Z"}
{"message":"received add dailyConsumption request from manager with details undefined","level":"info","timestamp":"2021-06-21T11:32:27.507Z"}
{"message":"addConsumption added successfully","level":"info","timestamp":"2021-06-21T11:32:27.559Z"}
{"message":"received add dailyConsumption request from manager with details undefined","level":"info","timestamp":"2021-06-22T04:24:49.796Z"}
{"message":"addConsumption added successfully","level":"info","timestamp":"2021-06-22T04:24:51.812Z"}
{"message":"received add dailyConsumption request from manager with details undefined","level":"info","timestamp":"2021-06-22T04:24:57.332Z"}
{"message":"addConsumption added successfully","level":"info","timestamp":"2021-06-22T04:24:57.335Z"}
{"message":"received add dailyConsumption request from manager with details undefined","level":"info","timestamp":"2021-06-22T04:25:05.050Z"}
{"message":"addConsumption added successfully","level":"info","timestamp":"2021-06-22T04:25:05.192Z"}
{"message":"received add dailyConsumption request from manager with details undefined","level":"info","timestamp":"2021-06-22T04:25:11.055Z"}
{"message":"addConsumption added successfully","level":"info","timestamp":"2021-06-22T04:25:11.061Z"}
{"message":"received add dailyConsumption request from manager with details undefined","level":"info","timestamp":"2021-06-22T05:05:32.297Z"}
{"message":"addConsumption added successfully","level":"info","timestamp":"2021-06-22T05:05:32.316Z"}
{"message":"received add dailyConsumption request from manager with details undefined","level":"info","timestamp":"2021-06-22T05:05:40.529Z"}
{"message":"addConsumption added successfully","level":"info","timestamp":"2021-06-22T05:05:40.542Z"}
{"message":"received add dailyConsumption request from manager with details undefined","level":"info","timestamp":"2021-06-22T05:06:04.256Z"}
{"message":"addConsumption added successfully","level":"info","timestamp":"2021-06-22T05:06:04.276Z"}
{"message":"received Fodder request from manager with details undefined","level":"info","timestamp":"2021-06-22T07:19:31.599Z"}
{"message":"addFodder added successfully","level":"info","timestamp":"2021-06-22T07:19:31.879Z"}
{"message":"received add dailyConsumption request from manager with details undefined","level":"info","timestamp":"2021-06-23T10:45:54.349Z"}
{"message":"addConsumption added successfully","level":"info","timestamp":"2021-06-23T10:45:54.483Z"}
{"message":"received add dailyConsumption request from manager with details undefined","level":"info","timestamp":"2021-06-23T11:41:49.354Z"}
{"message":"addConsumption added successfully","level":"info","timestamp":"2021-06-23T11:41:49.381Z"}
{"message":"received Fodder request from manager with details undefined","level":"info","timestamp":"2021-06-23T12:22:00.967Z"}
{"message":"addFodder added successfully","level":"info","timestamp":"2021-06-23T12:22:01.148Z"}
{"message":"received add dailyConsumption request from manager with details undefined","level":"info","timestamp":"2021-06-23T12:22:07.119Z"}
{"message":"addConsumption added successfully","level":"info","timestamp":"2021-06-23T12:22:07.138Z"}
{"message":"received Fodder request from manager with details undefined","level":"info","timestamp":"2021-06-23T13:01:19.656Z"}
{"message":"addFodder added successfully","level":"info","timestamp":"2021-06-23T13:01:19.718Z"}
{"message":"received Fodder request from manager with details undefined","level":"info","timestamp":"2021-06-24T04:44:41.498Z"}
{"message":"addFodder added successfully","level":"info","timestamp":"2021-06-24T04:44:41.587Z"}
{"message":"received add dailyConsumption request from manager with details undefined","level":"info","timestamp":"2021-06-24T04:44:49.625Z"}
{"message":"addConsumption added successfully","level":"info","timestamp":"2021-06-24T04:44:49.670Z"}
{"message":"received add dailyConsumption request from manager with details undefined","level":"info","timestamp":"2021-06-25T09:17:44.601Z"}
{"message":"addConsumption added successfully","level":"info","timestamp":"2021-06-25T09:17:44.642Z"}
{"message":"received add dailyConsumption request from manager with details undefined","level":"info","timestamp":"2021-06-25T09:26:15.809Z"}
{"message":"addConsumption added successfully","level":"info","timestamp":"2021-06-25T09:26:15.849Z"}
{"message":"received add dailyConsumption request from manager with details undefined","level":"info","timestamp":"2021-06-25T09:27:35.343Z"}
{"message":"addConsumption added successfully","level":"info","timestamp":"2021-06-25T09:27:35.347Z"}
{"message":"received add dailyConsumption request from manager with details undefined","level":"info","timestamp":"2021-06-25T09:27:42.556Z"}
{"message":"addConsumption added successfully","level":"info","timestamp":"2021-06-25T09:27:42.574Z"}
{"message":"received Fodder request from manager with details undefined","level":"info","timestamp":"2021-06-28T03:57:32.410Z"}
{"message":"addFodder added successfully","level":"info","timestamp":"2021-06-28T03:57:33.467Z"}
{"message":"received add dailyConsumption request from manager with details undefined","level":"info","timestamp":"2021-06-28T03:57:39.156Z"}
{"message":"addConsumption added successfully","level":"info","timestamp":"2021-06-28T03:57:39.266Z"}
